<?xml version="1.0" encoding="UTF-8"?>
<!-- Generated by org.testng.reporters.JUnitXMLReporter -->
<testsuite hostname="JAFRA" name="Command line test" tests="5" failures="0" timestamp="26 Dec 2018 00:24:56 GMT" time="21.847" errors="0">
  <testcase name="testHomeButton" time="3.777" classname="tests.LoginTest"/>
  <testcase name="testLoginPO" time="3.944" classname="tests.LoginTest"/>
  <testcase name="testFlightFinder" time="2.213" classname="tests.LoginTest"/>
  <testcase name="testtestTestSelectFlight" time="1.01" classname="tests.LoginTest"/>
  <testcase name="testtestBookAflight" time="5.403" classname="tests.LoginTest"/>
</testsuite> <!-- Command line test -->
