<?xml version="1.0" encoding="UTF-8"?>
<testng-results skipped="0" failed="0" total="5" passed="5">
  <reporter-output>
  </reporter-output>
  <suite name="Command line suite" duration-ms="21847" started-at="2018-12-26T00:24:34Z" finished-at="2018-12-26T00:24:55Z">
    <groups>
      <group name="smoke">
        <method signature="LoginTest.testLoginPO()[pri:0, instance:tests.LoginTest@3567135c]" name="testLoginPO" class="tests.LoginTest"/>
      </group> <!-- smoke -->
    </groups>
    <test name="Command line test" duration-ms="21847" started-at="2018-12-26T00:24:34Z" finished-at="2018-12-26T00:24:55Z">
      <class name="tests.LoginTest">
        <test-method status="PASS" signature="setUpClass()[pri:0, instance:tests.LoginTest@3567135c]" name="setUpClass" is-config="true" duration-ms="7" started-at="2018-12-25T18:24:34Z" finished-at="2018-12-25T18:24:34Z">
          <reporter-output>
          </reporter-output>
        </test-method> <!-- setUpClass -->
        <test-method status="PASS" signature="setup()[pri:0, instance:tests.LoginTest@3567135c]" name="setup" is-config="true" duration-ms="5453" started-at="2018-12-25T18:24:34Z" finished-at="2018-12-25T18:24:39Z">
          <reporter-output>
          </reporter-output>
        </test-method> <!-- setup -->
        <test-method status="PASS" signature="setUpMethod()[pri:0, instance:tests.LoginTest@3567135c]" name="setUpMethod" is-config="true" duration-ms="1" started-at="2018-12-25T18:24:39Z" finished-at="2018-12-25T18:24:39Z">
          <reporter-output>
          </reporter-output>
        </test-method> <!-- setUpMethod -->
        <test-method status="PASS" signature="testHomeButton()[pri:0, instance:tests.LoginTest@3567135c]" name="testHomeButton" duration-ms="3777" started-at="2018-12-25T18:24:39Z" finished-at="2018-12-25T18:24:43Z">
          <reporter-output>
          </reporter-output>
        </test-method> <!-- testHomeButton -->
        <test-method status="PASS" signature="setUpMethod()[pri:0, instance:tests.LoginTest@3567135c]" name="setUpMethod" is-config="true" duration-ms="0" started-at="2018-12-25T18:24:43Z" finished-at="2018-12-25T18:24:43Z">
          <reporter-output>
          </reporter-output>
        </test-method> <!-- setUpMethod -->
        <test-method status="PASS" signature="testLoginPO()[pri:0, instance:tests.LoginTest@3567135c]" name="testLoginPO" duration-ms="3944" started-at="2018-12-25T18:24:43Z" finished-at="2018-12-25T18:24:47Z">
          <reporter-output>
          </reporter-output>
        </test-method> <!-- testLoginPO -->
        <test-method status="PASS" signature="tearDownMethod()[pri:0, instance:tests.LoginTest@3567135c]" name="tearDownMethod" is-config="true" duration-ms="0" started-at="2018-12-25T18:24:43Z" finished-at="2018-12-25T18:24:43Z">
          <reporter-output>
          </reporter-output>
        </test-method> <!-- tearDownMethod -->
        <test-method status="PASS" signature="tearDownMethod()[pri:0, instance:tests.LoginTest@3567135c]" name="tearDownMethod" is-config="true" duration-ms="0" started-at="2018-12-25T18:24:47Z" finished-at="2018-12-25T18:24:47Z">
          <reporter-output>
          </reporter-output>
        </test-method> <!-- tearDownMethod -->
        <test-method status="PASS" signature="setUpMethod()[pri:0, instance:tests.LoginTest@3567135c]" name="setUpMethod" is-config="true" duration-ms="0" started-at="2018-12-25T18:24:47Z" finished-at="2018-12-25T18:24:47Z">
          <reporter-output>
          </reporter-output>
        </test-method> <!-- setUpMethod -->
        <test-method status="PASS" signature="testFlightFinder()[pri:0, instance:tests.LoginTest@3567135c]" name="testFlightFinder" duration-ms="2213" started-at="2018-12-25T18:24:47Z" finished-at="2018-12-25T18:24:49Z">
          <reporter-output>
          </reporter-output>
        </test-method> <!-- testFlightFinder -->
        <test-method status="PASS" signature="tearDownMethod()[pri:0, instance:tests.LoginTest@3567135c]" name="tearDownMethod" is-config="true" duration-ms="2" started-at="2018-12-25T18:24:49Z" finished-at="2018-12-25T18:24:49Z">
          <reporter-output>
          </reporter-output>
        </test-method> <!-- tearDownMethod -->
        <test-method status="PASS" signature="setUpMethod()[pri:0, instance:tests.LoginTest@3567135c]" name="setUpMethod" is-config="true" duration-ms="0" started-at="2018-12-25T18:24:49Z" finished-at="2018-12-25T18:24:49Z">
          <reporter-output>
          </reporter-output>
        </test-method> <!-- setUpMethod -->
        <test-method status="PASS" signature="testtestTestSelectFlight()[pri:0, instance:tests.LoginTest@3567135c]" name="testtestTestSelectFlight" duration-ms="1010" started-at="2018-12-25T18:24:49Z" finished-at="2018-12-25T18:24:50Z">
          <reporter-output>
          </reporter-output>
        </test-method> <!-- testtestTestSelectFlight -->
        <test-method status="PASS" signature="tearDownMethod()[pri:0, instance:tests.LoginTest@3567135c]" name="tearDownMethod" is-config="true" duration-ms="0" started-at="2018-12-25T18:24:50Z" finished-at="2018-12-25T18:24:50Z">
          <reporter-output>
          </reporter-output>
        </test-method> <!-- tearDownMethod -->
        <test-method status="PASS" signature="setUpMethod()[pri:0, instance:tests.LoginTest@3567135c]" name="setUpMethod" is-config="true" duration-ms="0" started-at="2018-12-25T18:24:50Z" finished-at="2018-12-25T18:24:50Z">
          <reporter-output>
          </reporter-output>
        </test-method> <!-- setUpMethod -->
        <test-method status="PASS" signature="testtestBookAflight()[pri:0, instance:tests.LoginTest@3567135c]" name="testtestBookAflight" duration-ms="5403" started-at="2018-12-25T18:24:50Z" finished-at="2018-12-25T18:24:55Z">
          <reporter-output>
          </reporter-output>
        </test-method> <!-- testtestBookAflight -->
        <test-method status="PASS" signature="tearDownMethod()[pri:0, instance:tests.LoginTest@3567135c]" name="tearDownMethod" is-config="true" duration-ms="1" started-at="2018-12-25T18:24:55Z" finished-at="2018-12-25T18:24:55Z">
          <reporter-output>
          </reporter-output>
        </test-method> <!-- tearDownMethod -->
        <test-method status="PASS" signature="tearDownClass()[pri:0, instance:tests.LoginTest@3567135c]" name="tearDownClass" is-config="true" duration-ms="0" started-at="2018-12-25T18:24:55Z" finished-at="2018-12-25T18:24:55Z">
          <reporter-output>
          </reporter-output>
        </test-method> <!-- tearDownClass -->
        <test-method status="PASS" signature="teardown()[pri:0, instance:tests.LoginTest@3567135c]" name="teardown" is-config="true" duration-ms="0" started-at="2018-12-25T18:24:55Z" finished-at="2018-12-25T18:24:55Z">
          <reporter-output>
          </reporter-output>
        </test-method> <!-- teardown -->
      </class> <!-- tests.LoginTest -->
    </test> <!-- Command line test -->
  </suite> <!-- Command line suite -->
</testng-results>
